<?xml version="1.0" encoding="UTF-8"?>
<!-- Generated by org.testng.reporters.JUnitXMLReporter -->
<testsuite ignored="0" hostname="DESKTOP-VLRG4S1" failures="1" tests="5" name="regression" time="38.436" errors="0" timestamp="2024-02-06T14:15:58 IST">
  <testcase classname="tests.sample" name="cricbuzz" time="5.315">
    <failure type="java.lang.AssertionError" message="expected [true] but found [false]">
      <![CDATA[java.lang.AssertionError: expected [true] but found [false]
at tests.sample.cricbuzz(sample.java:16)
at java.base/java.util.ArrayList.forEach(ArrayList.java:1511)
at java.base/java.util.concurrent.FutureTask.run(FutureTask.java:264)
at java.base/java.util.concurrent.ThreadPoolExecutor.runWorker(ThreadPoolExecutor.java:1130)
at java.base/java.util.concurrent.ThreadPoolExecutor$Worker.run(ThreadPoolExecutor.java:630)
at java.base/java.lang.Thread.run(Thread.java:831)
... Removed 22 stack frames]]>
    </failure>
  </testcase> <!-- cricbuzz -->
  <testcase classname="tests.sample" name="facebook" time="3.314"/>
  <testcase classname="tests.sample" name="google" time="3.539"/>
  <testcase classname="tests.sample" name="instagram" time="3.864"/>
  <testcase classname="tests.sample" name="twitter" time="3.978"/>
</testsuite> <!-- regression -->
