<?xml version="1.0" encoding="UTF-8"?>
<testng-results ignored="0" total="7" passed="6" failed="1" skipped="0">
  <reporter-output>
  </reporter-output>
  <suite started-at="2024-02-06T14:15:19 IST" name="Parallel Test Suite" finished-at="2024-02-06T14:15:58 IST" duration-ms="38436">
    <groups>
    </groups>
    <test started-at="2024-02-06T14:15:19 IST" name="sanity" finished-at="2024-02-06T14:15:34 IST" duration-ms="14834">
      <class name="tests.sample1">
        <test-method is-config="true" signature="setupConfig()[pri:0, instance:tests.sample1@7bba5817]" started-at="2024-02-06T14:15:19 IST" name="setupConfig" finished-at="2024-02-06T14:15:19 IST" duration-ms="7" status="PASS">
          <reporter-output>
          </reporter-output>
        </test-method> <!-- setupConfig -->
        <test-method is-config="true" signature="setDriver(org.testng.ITestContext)[pri:0, instance:tests.sample1@7bba5817]" started-at="2024-02-06T14:15:19 IST" name="setDriver" finished-at="2024-02-06T14:15:22 IST" duration-ms="3289" status="PASS">
          <params>
            <param index="0">
              <value>
                <![CDATA[org.testng.TestRunner@4007f65e]]>
              </value>
            </param>
          </params>
          <reporter-output>
          </reporter-output>
        </test-method> <!-- setDriver -->
        <test-method signature="instagram()[pri:0, instance:tests.sample1@7bba5817]" started-at="2024-02-06T14:15:22 IST" name="instagram" finished-at="2024-02-06T14:15:27 IST" duration-ms="4052" status="PASS">
          <reporter-output>
          </reporter-output>
        </test-method> <!-- instagram -->
        <test-method signature="twitter()[pri:0, instance:tests.sample1@7bba5817]" started-at="2024-02-06T14:15:27 IST" name="twitter" finished-at="2024-02-06T14:15:31 IST" duration-ms="4545" status="PASS">
          <reporter-output>
          </reporter-output>
        </test-method> <!-- twitter -->
        <test-method is-config="true" signature="tearDown()[pri:0, instance:tests.sample1@7bba5817]" started-at="2024-02-06T14:15:31 IST" name="tearDown" finished-at="2024-02-06T14:15:34 IST" duration-ms="2923" status="PASS">
          <reporter-output>
          </reporter-output>
        </test-method> <!-- tearDown -->
        <test-method is-config="true" signature="quitDriver()[pri:0, instance:tests.sample1@7bba5817]" started-at="2024-02-06T14:15:34 IST" name="quitDriver" finished-at="2024-02-06T14:15:34 IST" depends-on-methods="tests.sample1.tearDown" duration-ms="1" status="PASS">
          <reporter-output>
          </reporter-output>
        </test-method> <!-- quitDriver -->
      </class> <!-- tests.sample1 -->
    </test> <!-- sanity -->
    <test started-at="2024-02-06T14:15:19 IST" name="regression" finished-at="2024-02-06T14:15:58 IST" duration-ms="38436">
      <class name="tests.sample">
        <test-method is-config="true" signature="setDriver(org.testng.ITestContext)[pri:0, instance:tests.sample@26d9b808]" started-at="2024-02-06T14:15:19 IST" name="setDriver" finished-at="2024-02-06T14:15:34 IST" duration-ms="15243" status="PASS">
          <params>
            <param index="0">
              <value>
                <![CDATA[org.testng.TestRunner@1a245833]]>
              </value>
            </param>
          </params>
          <reporter-output>
          </reporter-output>
        </test-method> <!-- setDriver -->
        <test-method signature="cricbuzz()[pri:0, instance:tests.sample@26d9b808]" started-at="2024-02-06T14:15:34 IST" name="cricbuzz" finished-at="2024-02-06T14:15:40 IST" duration-ms="5315" status="FAIL">
          <exception class="java.lang.AssertionError">
            <message>
              <![CDATA[expected [true] but found [false]]]>
            </message>
            <full-stacktrace>
              <![CDATA[java.lang.AssertionError: expected [true] but found [false]
at org.testng.Assert.fail(Assert.java:99)
at org.testng.Assert.failNotEquals(Assert.java:1037)
at org.testng.Assert.assertTrue(Assert.java:45)
at org.testng.Assert.assertTrue(Assert.java:55)
at tests.sample.cricbuzz(sample.java:16)
at java.base/jdk.internal.reflect.NativeMethodAccessorImpl.invoke0(Native Method)
at java.base/jdk.internal.reflect.NativeMethodAccessorImpl.invoke(NativeMethodAccessorImpl.java:78)
at java.base/jdk.internal.reflect.DelegatingMethodAccessorImpl.invoke(DelegatingMethodAccessorImpl.java:43)
at java.base/java.lang.reflect.Method.invoke(Method.java:567)
at org.testng.internal.MethodInvocationHelper.invokeMethod(MethodInvocationHelper.java:133)
at org.testng.internal.TestInvoker.invokeMethod(TestInvoker.java:598)
at org.testng.internal.TestInvoker.invokeTestMethod(TestInvoker.java:173)
at org.testng.internal.MethodRunner.runInSequence(MethodRunner.java:46)
at org.testng.internal.TestInvoker$MethodInvocationAgent.invoke(TestInvoker.java:824)
at org.testng.internal.TestInvoker.invokeTestMethods(TestInvoker.java:146)
at org.testng.internal.TestMethodWorker.invokeTestMethods(TestMethodWorker.java:146)
at org.testng.internal.TestMethodWorker.run(TestMethodWorker.java:128)
at java.base/java.util.ArrayList.forEach(ArrayList.java:1511)
at org.testng.TestRunner.privateRun(TestRunner.java:794)
at org.testng.TestRunner.run(TestRunner.java:596)
at org.testng.SuiteRunner.runTest(SuiteRunner.java:377)
at org.testng.SuiteRunner.access$000(SuiteRunner.java:28)
at org.testng.SuiteRunner$SuiteWorker.run(SuiteRunner.java:418)
at org.testng.internal.thread.ThreadUtil.lambda$execute$0(ThreadUtil.java:64)
at java.base/java.util.concurrent.FutureTask.run(FutureTask.java:264)
at java.base/java.util.concurrent.ThreadPoolExecutor.runWorker(ThreadPoolExecutor.java:1130)
at java.base/java.util.concurrent.ThreadPoolExecutor$Worker.run(ThreadPoolExecutor.java:630)
at java.base/java.lang.Thread.run(Thread.java:831)
]]>
            </full-stacktrace>
          </exception> <!-- java.lang.AssertionError -->
          <reporter-output>
          </reporter-output>
        </test-method> <!-- cricbuzz -->
        <test-method signature="facebook()[pri:0, instance:tests.sample@26d9b808]" started-at="2024-02-06T14:15:40 IST" name="facebook" finished-at="2024-02-06T14:15:43 IST" duration-ms="3314" status="PASS">
          <reporter-output>
          </reporter-output>
        </test-method> <!-- facebook -->
        <test-method signature="google()[pri:0, instance:tests.sample@26d9b808]" started-at="2024-02-06T14:15:43 IST" name="google" finished-at="2024-02-06T14:15:47 IST" duration-ms="3539" status="PASS">
          <reporter-output>
          </reporter-output>
        </test-method> <!-- google -->
        <test-method signature="instagram()[pri:0, instance:tests.sample@26d9b808]" started-at="2024-02-06T14:15:47 IST" name="instagram" finished-at="2024-02-06T14:15:51 IST" duration-ms="3864" status="PASS">
          <reporter-output>
          </reporter-output>
        </test-method> <!-- instagram -->
        <test-method signature="twitter()[pri:0, instance:tests.sample@26d9b808]" started-at="2024-02-06T14:15:51 IST" name="twitter" finished-at="2024-02-06T14:15:55 IST" duration-ms="3978" status="PASS">
          <reporter-output>
          </reporter-output>
        </test-method> <!-- twitter -->
        <test-method is-config="true" signature="tearDown()[pri:0, instance:tests.sample@26d9b808]" started-at="2024-02-06T14:15:55 IST" name="tearDown" finished-at="2024-02-06T14:15:58 IST" duration-ms="2891" status="PASS">
          <reporter-output>
          </reporter-output>
        </test-method> <!-- tearDown -->
        <test-method is-config="true" signature="quitDriver()[pri:0, instance:tests.sample@26d9b808]" started-at="2024-02-06T14:15:58 IST" name="quitDriver" finished-at="2024-02-06T14:15:58 IST" depends-on-methods="tests.sample.tearDown" duration-ms="0" status="PASS">
          <reporter-output>
          </reporter-output>
        </test-method> <!-- quitDriver -->
      </class> <!-- tests.sample -->
    </test> <!-- regression -->
  </suite> <!-- Parallel Test Suite -->
</testng-results>
